# JRE version: Java(TM) SE Runtime Environment (21.0.2+13) (build 21.0.2+13-LTS-58)
# Java VM: Java HotSpot(TM) 64-Bit Server VM (21.0.2+13-LTS-58, mixed mode, sharing, tiered, compressed oops, compressed class ptrs, g1 gc, windows-amd64)
GC Precious Log:
 CardTable entry size: 512
 Card Set container configuration: InlinePtr #cards 4 size 8 Array Of Cards #cards 32 size 80 Howl #buckets 8 coarsen threshold 7372 Howl Bitmap #cards 1024 size 144 coarsen threshold 921 Card regions per heap region 1 cards per card region 8192
 CPUs: 8 total, 8 available
 Memory: 32719M
 Large Page Support: Disabled
 NUMA Support: Disabled
 Compressed Oops: Enabled (Zero based)
 Heap Region Size: 4M
 Heap Min Capacity: 8M
 Heap Initial Capacity: 512M
 Heap Max Capacity: 8180M
 Pre-touch: Disabled
 Parallel Workers: 8
 Concurrent Workers: 2
 Concurrent Refinement Workers: 8
 Periodic GC: Disabled
Heap:
 garbage-first heap   total 1990656K, used 629963K [0x0000000600c00000, 0x0000000800000000)
  region size 4096K, 149 young (610304K), 1 survivors (4096K)
 Metaspace       used 18690K, committed 19072K, reserved 1114112K
  class space    used 2650K, committed 2816K, reserved 1048576K
GC Heap History (20 events):
Event: 46.883 GC heap before
{Heap before GC invocations=40 (full 0):
 garbage-first heap   total 1990656K, used 1215691K [0x0000000600c00000, 0x0000000800000000)
  region size 4096K, 291 young (1191936K), 1 survivors (4096K)
 Metaspace       used 18630K, committed 19008K, reserved 1114112K
  class space    used 2649K, committed 2816K, reserved 1048576K
}
Event: 46.884 GC heap after
{Heap after GC invocations=41 (full 0):
 garbage-first heap   total 1990656K, used 27851K [0x0000000600c00000, 0x0000000800000000)
  region size 4096K, 1 young (4096K), 1 survivors (4096K)
 Metaspace       used 18630K, committed 19008K, reserved 1114112K
  class space    used 2649K, committed 2816K, reserved 1048576K
}
Event: 46.983 GC heap before
{Heap before GC invocations=41 (full 0):
 garbage-first heap   total 1990656K, used 1215691K [0x0000000600c00000, 0x0000000800000000)
  region size 4096K, 291 young (1191936K), 1 survivors (4096K)
 Metaspace       used 18630K, committed 19008K, reserved 1114112K
  class space    used 2649K, committed 2816K, reserved 1048576K
}
Event: 46.984 GC heap after
{Heap after GC invocations=42 (full 0):
 garbage-first heap   total 1990656K, used 27851K [0x0000000600c00000, 0x0000000800000000)
  region size 4096K, 1 young (4096K), 1 survivors (4096K)
 Metaspace       used 18630K, committed 19008K, reserved 1114112K
  class space    used 2649K, committed 2816K, reserved 1048576K
}
Event: 47.079 GC heap before
{Heap before GC invocations=42 (full 0):
 garbage-first heap   total 1990656K, used 1215691K [0x0000000600c00000, 0x0000000800000000)
  region size 4096K, 291 young (1191936K), 1 survivors (4096K)
 Metaspace       used 18630K, committed 19008K, reserved 1114112K
  class space    used 2649K, committed 2816K, reserved 1048576K
}
Event: 47.080 GC heap after
{Heap after GC invocations=43 (full 0):
 garbage-first heap   total 1990656K, used 27851K [0x0000000600c00000, 0x0000000800000000)
  region size 4096K, 1 young (4096K), 1 survivors (4096K)
 Metaspace       used 18630K, committed 19008K, reserved 1114112K
  class space    used 2649K, committed 2816K, reserved 1048576K
}
Event: 47.174 GC heap before
{Heap before GC invocations=43 (full 0):
 garbage-first heap   total 1990656K, used 1215691K [0x0000000600c00000, 0x0000000800000000)
  region size 4096K, 291 young (1191936K), 1 survivors (4096K)
 Metaspace       used 18630K, committed 19008K, reserved 1114112K
  class space    used 2649K, committed 2816K, reserved 1048576K
}
Event: 47.175 GC heap after
{Heap after GC invocations=44 (full 0):
 garbage-first heap   total 1990656K, used 27851K [0x0000000600c00000, 0x0000000800000000)
  region size 4096K, 1 young (4096K), 1 survivors (4096K)
 Metaspace       used 18630K, committed 19008K, reserved 1114112K
  class space    used 2649K, committed 2816K, reserved 1048576K
}
Event: 47.266 GC heap before
{Heap before GC invocations=44 (full 0):
 garbage-first heap   total 1990656K, used 1215691K [0x0000000600c00000, 0x0000000800000000)
  region size 4096K, 291 young (1191936K), 1 survivors (4096K)
 Metaspace       used 18630K, committed 19008K, reserved 1114112K
  class space    used 2649K, committed 2816K, reserved 1048576K
}
Event: 47.267 GC heap after
{Heap after GC invocations=45 (full 0):
 garbage-first heap   total 1990656K, used 27851K [0x0000000600c00000, 0x0000000800000000)
  region size 4096K, 1 young (4096K), 1 survivors (4096K)
 Metaspace       used 18630K, committed 19008K, reserved 1114112K
  class space    used 2649K, committed 2816K, reserved 1048576K
}
Event: 47.364 GC heap before
{Heap before GC invocations=45 (full 0):
 garbage-first heap   total 1990656K, used 1215691K [0x0000000600c00000, 0x0000000800000000)
  region size 4096K, 291 young (1191936K), 1 survivors (4096K)
 Metaspace       used 18630K, committed 19008K, reserved 1114112K
  class space    used 2649K, committed 2816K, reserved 1048576K
}
Event: 47.365 GC heap after
{Heap after GC invocations=46 (full 0):
 garbage-first heap   total 1990656K, used 27851K [0x0000000600c00000, 0x0000000800000000)
  region size 4096K, 1 young (4096K), 1 survivors (4096K)
 Metaspace       used 18630K, committed 19008K, reserved 1114112K
  class space    used 2649K, committed 2816K, reserved 1048576K
}
Event: 47.463 GC heap before
{Heap before GC invocations=46 (full 0):
 garbage-first heap   total 1990656K, used 1215691K [0x0000000600c00000, 0x0000000800000000)
  region size 4096K, 291 young (1191936K), 1 survivors (4096K)
 Metaspace       used 18630K, committed 19008K, reserved 1114112K
  class space    used 2649K, committed 2816K, reserved 1048576K
}
Event: 47.464 GC heap after
{Heap after GC invocations=47 (full 0):
 garbage-first heap   total 1990656K, used 27851K [0x0000000600c00000, 0x0000000800000000)
  region size 4096K, 1 young (4096K), 1 survivors (4096K)
 Metaspace       used 18630K, committed 19008K, reserved 1114112K
  class space    used 2649K, committed 2816K, reserved 1048576K
}
Event: 47.565 GC heap before
{Heap before GC invocations=47 (full 0):
 garbage-first heap   total 1990656K, used 1215691K [0x0000000600c00000, 0x0000000800000000)
  region size 4096K, 291 young (1191936K), 1 survivors (4096K)
 Metaspace       used 18636K, committed 19008K, reserved 1114112K
  class space    used 2649K, committed 2816K, reserved 1048576K
}
Event: 47.566 GC heap after
{Heap after GC invocations=48 (full 0):
 garbage-first heap   total 1990656K, used 27851K [0x0000000600c00000, 0x0000000800000000)
  region size 4096K, 1 young (4096K), 1 survivors (4096K)
 Metaspace       used 18636K, committed 19008K, reserved 1114112K
  class space    used 2649K, committed 2816K, reserved 1048576K
}
Event: 47.666 GC heap before
{Heap before GC invocations=48 (full 0):
 garbage-first heap   total 1990656K, used 1215691K [0x0000000600c00000, 0x0000000800000000)
  region size 4096K, 291 young (1191936K), 1 survivors (4096K)
 Metaspace       used 18636K, committed 19008K, reserved 1114112K
  class space    used 2649K, committed 2816K, reserved 1048576K
}
Event: 47.667 GC heap after
{Heap after GC invocations=49 (full 0):
 garbage-first heap   total 1990656K, used 27851K [0x0000000600c00000, 0x0000000800000000)
  region size 4096K, 1 young (4096K), 1 survivors (4096K)
 Metaspace       used 18636K, committed 19008K, reserved 1114112K
  class space    used 2649K, committed 2816K, reserved 1048576K
}
Event: 47.767 GC heap before
{Heap before GC invocations=49 (full 0):
 garbage-first heap   total 1990656K, used 1215691K [0x0000000600c00000, 0x0000000800000000)
  region size 4096K, 291 young (1191936K), 1 survivors (4096K)
 Metaspace       used 18636K, committed 19008K, reserved 1114112K
  class space    used 2649K, committed 2816K, reserved 1048576K
}
Event: 47.767 GC heap after
{Heap after GC invocations=50 (full 0):
 garbage-first heap   total 1990656K, used 27851K [0x0000000600c00000, 0x0000000800000000)
  region size 4096K, 1 young (4096K), 1 survivors (4096K)
 Metaspace       used 18636K, committed 19008K, reserved 1114112K
  class space    used 2649K, committed 2816K, reserved 1048576K
}

